This is pdfTeX, Version 3.141592653-2.6-1.40.24 (TeX Live 2022) (preloaded format=pdflatex 2023.1.29)  15 DEC 2023 23:46
entering extended mode
 restricted \write18 enabled.
 %&-line parsing enabled.
**ug
(./ug.tex
LaTeX2e <2021-11-15> patch level 1
L3 programming layer <2022-02-24>
(/usr/local/texlive/2022/texmf-dist/tex/latex/base/book.cls
Document Class: book 2021/10/04 v1.4n Standard LaTeX document class
(/usr/local/texlive/2022/texmf-dist/tex/latex/base/bk12.clo
File: bk12.clo 2021/10/04 v1.4n Standard LaTeX file (size option)
)
\c@part=\count185
\c@chapter=\count186
\c@section=\count187
\c@subsection=\count188
\c@subsubsection=\count189
\c@paragraph=\count190
\c@subparagraph=\count191
\c@figure=\count192
\c@table=\count193
\abovecaptionskip=\skip47
\belowcaptionskip=\skip48
\bibindent=\dimen138
)
(/usr/local/texlive/2022/texmf-dist/tex/latex/geometry/geometry.sty
Package: geometry 2020/01/02 v5.9 Page Geometry

(/usr/local/texlive/2022/texmf-dist/tex/latex/graphics/keyval.sty
Package: keyval 2014/10/28 v1.15 key=value parser (DPC)
\KV@toks@=\toks16
)
(/usr/local/texlive/2022/texmf-dist/tex/generic/iftex/ifvtex.sty
Package: ifvtex 2019/10/25 v1.7 ifvtex legacy package. Use iftex instead.

(/usr/local/texlive/2022/texmf-dist/tex/generic/iftex/iftex.sty
Package: iftex 2022/02/03 v1.0f TeX engine tests
))
\Gm@cnth=\count194
\Gm@cntv=\count195
\c@Gm@tempcnt=\count196
\Gm@bindingoffset=\dimen139
\Gm@wd@mp=\dimen140
\Gm@odd@mp=\dimen141
\Gm@even@mp=\dimen142
\Gm@layoutwidth=\dimen143
\Gm@layoutheight=\dimen144
\Gm@layouthoffset=\dimen145
\Gm@layoutvoffset=\dimen146
\Gm@dimlist=\toks17
)
(/usr/local/texlive/2022/texmf-dist/tex/latex/amsfonts/amssymb.sty
Package: amssymb 2013/01/14 v3.01 AMS font symbols

(/usr/local/texlive/2022/texmf-dist/tex/latex/amsfonts/amsfonts.sty
Package: amsfonts 2013/01/14 v3.01 Basic AMSFonts support
\@emptytoks=\toks18
\symAMSa=\mathgroup4
\symAMSb=\mathgroup5
LaTeX Font Info:    Redeclaring math symbol \hbar on input line 98.
LaTeX Font Info:    Overwriting math alphabet `\mathfrak' in version `bold'
(Font)                  U/euf/m/n --> U/euf/b/n on input line 106.
))
(/usr/local/texlive/2022/texmf-dist/tex/latex/amsmath/amsmath.sty
Package: amsmath 2021/10/15 v2.17l AMS math features
\@mathmargin=\skip49

For additional information on amsmath, use the `?' option.
(/usr/local/texlive/2022/texmf-dist/tex/latex/amsmath/amstext.sty
Package: amstext 2021/08/26 v2.01 AMS text

(/usr/local/texlive/2022/texmf-dist/tex/latex/amsmath/amsgen.sty
File: amsgen.sty 1999/11/30 v2.0 generic functions
\@emptytoks=\toks19
\ex@=\dimen147
))
(/usr/local/texlive/2022/texmf-dist/tex/latex/amsmath/amsbsy.sty
Package: amsbsy 1999/11/29 v1.2d Bold Symbols
\pmbraise@=\dimen148
)
(/usr/local/texlive/2022/texmf-dist/tex/latex/amsmath/amsopn.sty
Package: amsopn 2021/08/26 v2.02 operator names
)
\inf@bad=\count197
LaTeX Info: Redefining \frac on input line 234.
\uproot@=\count198
\leftroot@=\count199
LaTeX Info: Redefining \overline on input line 399.
\classnum@=\count266
\DOTSCASE@=\count267
LaTeX Info: Redefining \ldots on input line 496.
LaTeX Info: Redefining \dots on input line 499.
LaTeX Info: Redefining \cdots on input line 620.
\Mathstrutbox@=\box50
\strutbox@=\box51
\big@size=\dimen149
LaTeX Font Info:    Redeclaring font encoding OML on input line 743.
LaTeX Font Info:    Redeclaring font encoding OMS on input line 744.
\macc@depth=\count268
\c@MaxMatrixCols=\count269
\dotsspace@=\muskip16
\c@parentequation=\count270
\dspbrk@lvl=\count271
\tag@help=\toks20
\row@=\count272
\column@=\count273
\maxfields@=\count274
\andhelp@=\toks21
\eqnshift@=\dimen150
\alignsep@=\dimen151
\tagshift@=\dimen152
\tagwidth@=\dimen153
\totwidth@=\dimen154
\lineht@=\dimen155
\@envbody=\toks22
\multlinegap=\skip50
\multlinetaggap=\skip51
\mathdisplay@stack=\toks23
LaTeX Info: Redefining \[ on input line 2938.
LaTeX Info: Redefining \] on input line 2939.
)
(/usr/local/texlive/2022/texmf-dist/tex/latex/graphics/graphicx.sty
Package: graphicx 2021/09/16 v1.2d Enhanced LaTeX Graphics (DPC,SPQR)

(/usr/local/texlive/2022/texmf-dist/tex/latex/graphics/graphics.sty
Package: graphics 2021/03/04 v1.4d Standard LaTeX Graphics (DPC,SPQR)

(/usr/local/texlive/2022/texmf-dist/tex/latex/graphics/trig.sty
Package: trig 2021/08/11 v1.11 sin cos tan (DPC)
)
(/usr/local/texlive/2022/texmf-dist/tex/latex/graphics-cfg/graphics.cfg
File: graphics.cfg 2016/06/04 v1.11 sample graphics configuration
)
Package graphics Info: Driver file: pdftex.def on input line 107.

(/usr/local/texlive/2022/texmf-dist/tex/latex/graphics-def/pdftex.def
File: pdftex.def 2020/10/05 v1.2a Graphics/color driver for pdftex
))
\Gin@req@height=\dimen156
\Gin@req@width=\dimen157
)
(/usr/local/texlive/2022/texmf-dist/tex/latex/tools/tabularx.sty
Package: tabularx 2020/01/15 v2.11c `tabularx' package (DPC)

(/usr/local/texlive/2022/texmf-dist/tex/latex/tools/array.sty
Package: array 2021/10/04 v2.5f Tabular extension package (FMi)
\col@sep=\dimen158
\ar@mcellbox=\box52
\extrarowheight=\dimen159
\NC@list=\toks24
\extratabsurround=\skip52
\backup@length=\skip53
\ar@cellbox=\box53
)
\TX@col@width=\dimen160
\TX@old@table=\dimen161
\TX@old@col=\dimen162
\TX@target=\dimen163
\TX@delta=\dimen164
\TX@cols=\count275
\TX@ftn=\toks25
)
(/usr/local/texlive/2022/texmf-dist/tex/latex/booktabs/booktabs.sty
Package: booktabs 2020/01/12 v1.61803398 Publication quality tables
\heavyrulewidth=\dimen165
\lightrulewidth=\dimen166
\cmidrulewidth=\dimen167
\belowrulesep=\dimen168
\belowbottomsep=\dimen169
\aboverulesep=\dimen170
\abovetopsep=\dimen171
\cmidrulesep=\dimen172
\cmidrulekern=\dimen173
\defaultaddspace=\dimen174
\@cmidla=\count276
\@cmidlb=\count277
\@aboverulesep=\dimen175
\@belowrulesep=\dimen176
\@thisruleclass=\count278
\@lastruleclass=\count279
\@thisrulewidth=\dimen177
)
(/usr/local/texlive/2022/texmf-dist/tex/latex/subfiles/subfiles.sty
Package: subfiles 2020/11/14 v2.2 Multi-file projects (package)

(/usr/local/texlive/2022/texmf-dist/tex/latex/import/import.sty
Package: import 2020/04/01  v 6.2
))
(/usr/local/texlive/2022/texmf-dist/tex/latex/amscls/amsthm.sty
Package: amsthm 2020/05/29 v2.20.6
\thm@style=\toks26
\thm@bodyfont=\toks27
\thm@headfont=\toks28
\thm@notefont=\toks29
\thm@headpunct=\toks30
\thm@preskip=\skip54
\thm@postskip=\skip55
\thm@headsep=\skip56
\dth@everypar=\toks31
)
(/usr/local/texlive/2022/texmf-dist/tex/latex/enumitem/enumitem.sty
Package: enumitem 2019/06/20 v3.9 Customized lists
\labelindent=\skip57
\enit@outerparindent=\dimen178
\enit@toks=\toks32
\enit@inbox=\box54
\enit@count@id=\count280
\enitdp@description=\count281
)
(/usr/local/texlive/2022/texmf-dist/tex/latex/xcolor/xcolor.sty
Package: xcolor 2021/10/31 v2.13 LaTeX color extensions (UK)

(/usr/local/texlive/2022/texmf-dist/tex/latex/graphics-cfg/color.cfg
File: color.cfg 2016/01/02 v1.6 sample color configuration
)
Package xcolor Info: Driver file: pdftex.def on input line 227.
Package xcolor Info: Model `cmy' substituted by `cmy0' on input line 1352.
Package xcolor Info: Model `hsb' substituted by `rgb' on input line 1356.
Package xcolor Info: Model `RGB' extended on input line 1368.
Package xcolor Info: Model `HTML' substituted by `rgb' on input line 1370.
Package xcolor Info: Model `Hsb' substituted by `hsb' on input line 1371.
Package xcolor Info: Model `tHsb' substituted by `hsb' on input line 1372.
Package xcolor Info: Model `HSB' substituted by `hsb' on input line 1373.
Package xcolor Info: Model `Gray' substituted by `gray' on input line 1374.
Package xcolor Info: Model `wave' substituted by `hsb' on input line 1375.
)
(/usr/local/texlive/2022/texmf-dist/tex/latex/appendix/appendix.sty
Package: appendix 2020/02/08 v1.2c extra appendix facilities
\c@@pps=\count282
\c@@ppsavesec=\count283
\c@@ppsaveapp=\count284
)
(/usr/local/texlive/2022/texmf-dist/tex/latex/tcolorbox/tcolorbox.sty
Package: tcolorbox 2022/01/07 version 5.0.2 text color boxes

(/usr/local/texlive/2022/texmf-dist/tex/latex/pgf/basiclayer/pgf.sty
(/usr/local/texlive/2022/texmf-dist/tex/latex/pgf/utilities/pgfrcs.sty
(/usr/local/texlive/2022/texmf-dist/tex/generic/pgf/utilities/pgfutil-common.te
x
\pgfutil@everybye=\toks33
\pgfutil@tempdima=\dimen179
\pgfutil@tempdimb=\dimen180

(/usr/local/texlive/2022/texmf-dist/tex/generic/pgf/utilities/pgfutil-common-li
sts.tex))
(/usr/local/texlive/2022/texmf-dist/tex/generic/pgf/utilities/pgfutil-latex.def
\pgfutil@abb=\box55
) (/usr/local/texlive/2022/texmf-dist/tex/generic/pgf/utilities/pgfrcs.code.tex
(/usr/local/texlive/2022/texmf-dist/tex/generic/pgf/pgf.revision.tex)
Package: pgfrcs 2021/05/15 v3.1.9a (3.1.9a)
))
Package: pgf 2021/05/15 v3.1.9a (3.1.9a)

(/usr/local/texlive/2022/texmf-dist/tex/latex/pgf/basiclayer/pgfcore.sty
(/usr/local/texlive/2022/texmf-dist/tex/latex/pgf/systemlayer/pgfsys.sty
(/usr/local/texlive/2022/texmf-dist/tex/generic/pgf/systemlayer/pgfsys.code.tex
Package: pgfsys 2021/05/15 v3.1.9a (3.1.9a)
(/usr/local/texlive/2022/texmf-dist/tex/generic/pgf/utilities/pgfkeys.code.tex
\pgfkeys@pathtoks=\toks34
\pgfkeys@temptoks=\toks35

(/usr/local/texlive/2022/texmf-dist/tex/generic/pgf/utilities/pgfkeysfiltered.c
ode.tex
\pgfkeys@tmptoks=\toks36
))
\pgf@x=\dimen181
\pgf@y=\dimen182
\pgf@xa=\dimen183
\pgf@ya=\dimen184
\pgf@xb=\dimen185
\pgf@yb=\dimen186
\pgf@xc=\dimen187
\pgf@yc=\dimen188
\pgf@xd=\dimen189
\pgf@yd=\dimen190
\w@pgf@writea=\write3
\r@pgf@reada=\read2
\c@pgf@counta=\count285
\c@pgf@countb=\count286
\c@pgf@countc=\count287
\c@pgf@countd=\count288
\t@pgf@toka=\toks37
\t@pgf@tokb=\toks38
\t@pgf@tokc=\toks39
\pgf@sys@id@count=\count289

(/usr/local/texlive/2022/texmf-dist/tex/generic/pgf/systemlayer/pgf.cfg
File: pgf.cfg 2021/05/15 v3.1.9a (3.1.9a)
)
Driver file for pgf: pgfsys-pdftex.def

(/usr/local/texlive/2022/texmf-dist/tex/generic/pgf/systemlayer/pgfsys-pdftex.d
ef
File: pgfsys-pdftex.def 2021/05/15 v3.1.9a (3.1.9a)

(/usr/local/texlive/2022/texmf-dist/tex/generic/pgf/systemlayer/pgfsys-common-p
df.def
File: pgfsys-common-pdf.def 2021/05/15 v3.1.9a (3.1.9a)
)))
(/usr/local/texlive/2022/texmf-dist/tex/generic/pgf/systemlayer/pgfsyssoftpath.
code.tex
File: pgfsyssoftpath.code.tex 2021/05/15 v3.1.9a (3.1.9a)
\pgfsyssoftpath@smallbuffer@items=\count290
\pgfsyssoftpath@bigbuffer@items=\count291
)
(/usr/local/texlive/2022/texmf-dist/tex/generic/pgf/systemlayer/pgfsysprotocol.
code.tex
File: pgfsysprotocol.code.tex 2021/05/15 v3.1.9a (3.1.9a)
))
(/usr/local/texlive/2022/texmf-dist/tex/generic/pgf/basiclayer/pgfcore.code.tex
Package: pgfcore 2021/05/15 v3.1.9a (3.1.9a)
(/usr/local/texlive/2022/texmf-dist/tex/generic/pgf/math/pgfmath.code.tex
(/usr/local/texlive/2022/texmf-dist/tex/generic/pgf/math/pgfmathcalc.code.tex
(/usr/local/texlive/2022/texmf-dist/tex/generic/pgf/math/pgfmathutil.code.tex)
(/usr/local/texlive/2022/texmf-dist/tex/generic/pgf/math/pgfmathparser.code.tex
\pgfmath@dimen=\dimen191
\pgfmath@count=\count292
\pgfmath@box=\box56
\pgfmath@toks=\toks40
\pgfmath@stack@operand=\toks41
\pgfmath@stack@operation=\toks42
)
(/usr/local/texlive/2022/texmf-dist/tex/generic/pgf/math/pgfmathfunctions.code.
tex
(/usr/local/texlive/2022/texmf-dist/tex/generic/pgf/math/pgfmathfunctions.basic
.code.tex)
(/usr/local/texlive/2022/texmf-dist/tex/generic/pgf/math/pgfmathfunctions.trigo
nometric.code.tex)
(/usr/local/texlive/2022/texmf-dist/tex/generic/pgf/math/pgfmathfunctions.rando
m.code.tex)
(/usr/local/texlive/2022/texmf-dist/tex/generic/pgf/math/pgfmathfunctions.compa
rison.code.tex)
(/usr/local/texlive/2022/texmf-dist/tex/generic/pgf/math/pgfmathfunctions.base.
code.tex)
(/usr/local/texlive/2022/texmf-dist/tex/generic/pgf/math/pgfmathfunctions.round
.code.tex)
(/usr/local/texlive/2022/texmf-dist/tex/generic/pgf/math/pgfmathfunctions.misc.
code.tex)
(/usr/local/texlive/2022/texmf-dist/tex/generic/pgf/math/pgfmathfunctions.integ
erarithmetics.code.tex)))
(/usr/local/texlive/2022/texmf-dist/tex/generic/pgf/math/pgfmathfloat.code.tex
\c@pgfmathroundto@lastzeros=\count293
)) (/usr/local/texlive/2022/texmf-dist/tex/generic/pgf/math/pgfint.code.tex)
(/usr/local/texlive/2022/texmf-dist/tex/generic/pgf/basiclayer/pgfcorepoints.co
de.tex
File: pgfcorepoints.code.tex 2021/05/15 v3.1.9a (3.1.9a)
\pgf@picminx=\dimen192
\pgf@picmaxx=\dimen193
\pgf@picminy=\dimen194
\pgf@picmaxy=\dimen195
\pgf@pathminx=\dimen196
\pgf@pathmaxx=\dimen197
\pgf@pathminy=\dimen198
\pgf@pathmaxy=\dimen199
\pgf@xx=\dimen256
\pgf@xy=\dimen257
\pgf@yx=\dimen258
\pgf@yy=\dimen259
\pgf@zx=\dimen260
\pgf@zy=\dimen261
)
(/usr/local/texlive/2022/texmf-dist/tex/generic/pgf/basiclayer/pgfcorepathconst
ruct.code.tex
File: pgfcorepathconstruct.code.tex 2021/05/15 v3.1.9a (3.1.9a)
\pgf@path@lastx=\dimen262
\pgf@path@lasty=\dimen263
)
(/usr/local/texlive/2022/texmf-dist/tex/generic/pgf/basiclayer/pgfcorepathusage
.code.tex
File: pgfcorepathusage.code.tex 2021/05/15 v3.1.9a (3.1.9a)
\pgf@shorten@end@additional=\dimen264
\pgf@shorten@start@additional=\dimen265
)
(/usr/local/texlive/2022/texmf-dist/tex/generic/pgf/basiclayer/pgfcorescopes.co
de.tex
File: pgfcorescopes.code.tex 2021/05/15 v3.1.9a (3.1.9a)
\pgfpic=\box57
\pgf@hbox=\box58
\pgf@layerbox@main=\box59
\pgf@picture@serial@count=\count294
)
(/usr/local/texlive/2022/texmf-dist/tex/generic/pgf/basiclayer/pgfcoregraphicst
ate.code.tex
File: pgfcoregraphicstate.code.tex 2021/05/15 v3.1.9a (3.1.9a)
\pgflinewidth=\dimen266
)
(/usr/local/texlive/2022/texmf-dist/tex/generic/pgf/basiclayer/pgfcoretransform
ations.code.tex
File: pgfcoretransformations.code.tex 2021/05/15 v3.1.9a (3.1.9a)
\pgf@pt@x=\dimen267
\pgf@pt@y=\dimen268
\pgf@pt@temp=\dimen269
)
(/usr/local/texlive/2022/texmf-dist/tex/generic/pgf/basiclayer/pgfcorequick.cod
e.tex
File: pgfcorequick.code.tex 2021/05/15 v3.1.9a (3.1.9a)
)
(/usr/local/texlive/2022/texmf-dist/tex/generic/pgf/basiclayer/pgfcoreobjects.c
ode.tex
File: pgfcoreobjects.code.tex 2021/05/15 v3.1.9a (3.1.9a)
)
(/usr/local/texlive/2022/texmf-dist/tex/generic/pgf/basiclayer/pgfcorepathproce
ssing.code.tex
File: pgfcorepathprocessing.code.tex 2021/05/15 v3.1.9a (3.1.9a)
)
(/usr/local/texlive/2022/texmf-dist/tex/generic/pgf/basiclayer/pgfcorearrows.co
de.tex
File: pgfcorearrows.code.tex 2021/05/15 v3.1.9a (3.1.9a)
\pgfarrowsep=\dimen270
)
(/usr/local/texlive/2022/texmf-dist/tex/generic/pgf/basiclayer/pgfcoreshade.cod
e.tex
File: pgfcoreshade.code.tex 2021/05/15 v3.1.9a (3.1.9a)
\pgf@max=\dimen271
\pgf@sys@shading@range@num=\count295
\pgf@shadingcount=\count296
)
(/usr/local/texlive/2022/texmf-dist/tex/generic/pgf/basiclayer/pgfcoreimage.cod
e.tex
File: pgfcoreimage.code.tex 2021/05/15 v3.1.9a (3.1.9a)

(/usr/local/texlive/2022/texmf-dist/tex/generic/pgf/basiclayer/pgfcoreexternal.
code.tex
File: pgfcoreexternal.code.tex 2021/05/15 v3.1.9a (3.1.9a)
\pgfexternal@startupbox=\box60
))
(/usr/local/texlive/2022/texmf-dist/tex/generic/pgf/basiclayer/pgfcorelayers.co
de.tex
File: pgfcorelayers.code.tex 2021/05/15 v3.1.9a (3.1.9a)
)
(/usr/local/texlive/2022/texmf-dist/tex/generic/pgf/basiclayer/pgfcoretranspare
ncy.code.tex
File: pgfcoretransparency.code.tex 2021/05/15 v3.1.9a (3.1.9a)
)
(/usr/local/texlive/2022/texmf-dist/tex/generic/pgf/basiclayer/pgfcorepatterns.
code.tex
File: pgfcorepatterns.code.tex 2021/05/15 v3.1.9a (3.1.9a)
)
(/usr/local/texlive/2022/texmf-dist/tex/generic/pgf/basiclayer/pgfcorerdf.code.
tex
File: pgfcorerdf.code.tex 2021/05/15 v3.1.9a (3.1.9a)
)))
(/usr/local/texlive/2022/texmf-dist/tex/generic/pgf/modules/pgfmoduleshapes.cod
e.tex
File: pgfmoduleshapes.code.tex 2021/05/15 v3.1.9a (3.1.9a)
\pgfnodeparttextbox=\box61
)
(/usr/local/texlive/2022/texmf-dist/tex/generic/pgf/modules/pgfmoduleplot.code.
tex
File: pgfmoduleplot.code.tex 2021/05/15 v3.1.9a (3.1.9a)
)
(/usr/local/texlive/2022/texmf-dist/tex/latex/pgf/compatibility/pgfcomp-version
-0-65.sty
Package: pgfcomp-version-0-65 2021/05/15 v3.1.9a (3.1.9a)
\pgf@nodesepstart=\dimen272
\pgf@nodesepend=\dimen273
)
(/usr/local/texlive/2022/texmf-dist/tex/latex/pgf/compatibility/pgfcomp-version
-1-18.sty
Package: pgfcomp-version-1-18 2021/05/15 v3.1.9a (3.1.9a)
)) (/usr/local/texlive/2022/texmf-dist/tex/latex/tools/verbatim.sty
Package: verbatim 2020-07-07 v1.5u LaTeX2e package for verbatim enhancements
\every@verbatim=\toks43
\verbatim@line=\toks44
\verbatim@in@stream=\read3
)
(/usr/local/texlive/2022/texmf-dist/tex/latex/environ/environ.sty
Package: environ 2014/05/04 v0.3 A new way to define environments

(/usr/local/texlive/2022/texmf-dist/tex/latex/trimspaces/trimspaces.sty
Package: trimspaces 2009/09/17 v1.1 Trim spaces around a token list
))
(/usr/local/texlive/2022/texmf-dist/tex/latex/etoolbox/etoolbox.sty
Package: etoolbox 2020/10/05 v2.5k e-TeX tools for LaTeX (JAW)
\etb@tempcnta=\count297
)
\tcb@titlebox=\box62
\tcb@upperbox=\box63
\tcb@lowerbox=\box64
\tcb@phantombox=\box65
\c@tcbbreakpart=\count298
\c@tcblayer=\count299
\c@tcolorbox@number=\count300
\tcb@temp=\box66
\tcb@temp=\box67
\tcb@temp=\box68
\tcb@temp=\box69
)
(/usr/local/texlive/2022/texmf-dist/tex/latex/l3backend/l3backend-pdftex.def
File: l3backend-pdftex.def 2022-02-07 L3 backend support: PDF output (pdfTeX)
\l__color_backend_stack_int=\count301
\l__pdf_internal_box=\box70
)
(gar/ug.aux)
\openout1 = `ug.aux'.

LaTeX Font Info:    Checking defaults for OML/cmm/m/it on input line 17.
LaTeX Font Info:    ... okay on input line 17.
LaTeX Font Info:    Checking defaults for OMS/cmsy/m/n on input line 17.
LaTeX Font Info:    ... okay on input line 17.
LaTeX Font Info:    Checking defaults for OT1/cmr/m/n on input line 17.
LaTeX Font Info:    ... okay on input line 17.
LaTeX Font Info:    Checking defaults for T1/cmr/m/n on input line 17.
LaTeX Font Info:    ... okay on input line 17.
LaTeX Font Info:    Checking defaults for TS1/cmr/m/n on input line 17.
LaTeX Font Info:    ... okay on input line 17.
LaTeX Font Info:    Checking defaults for OMX/cmex/m/n on input line 17.
LaTeX Font Info:    ... okay on input line 17.
LaTeX Font Info:    Checking defaults for U/cmr/m/n on input line 17.
LaTeX Font Info:    ... okay on input line 17.

*geometry* driver: auto-detecting
*geometry* detected driver: pdftex
*geometry* verbose mode - [ preamble ] result:
* driver: pdftex
* paper: a4paper
* layout: <same size as paper>
* layoutoffset:(h,v)=(0.0pt,0.0pt)
* modes: twoside 
* h-part:(L,W,R)=(56.9055pt, 483.69687pt, 56.9055pt)
* v-part:(T,H,B)=(56.9055pt, 731.23584pt, 56.9055pt)
* \paperwidth=597.50787pt
* \paperheight=845.04684pt
* \textwidth=483.69687pt
* \textheight=731.23584pt
* \oddsidemargin=-15.36449pt
* \evensidemargin=-15.36449pt
* \topmargin=-47.23828pt
* \headheight=12.0pt
* \headsep=19.8738pt
* \topskip=12.0pt
* \footskip=30.0pt
* \marginparwidth=88.0pt
* \marginparsep=7.0pt
* \columnsep=10.0pt
* \skip\footins=10.8pt plus 4.0pt minus 2.0pt
* \hoffset=0.0pt
* \voffset=0.0pt
* \mag=1000
* \@twocolumnfalse
* \@twosidetrue
* \@mparswitchtrue
* \@reversemarginfalse
* (1in=72.27pt=25.4mm, 1cm=28.453pt)

(/usr/local/texlive/2022/texmf-dist/tex/context/base/mkii/supp-pdf.mkii
[Loading MPS to PDF converter (version 2006.09.02).]
\scratchcounter=\count302
\scratchdimen=\dimen274
\scratchbox=\box71
\nofMPsegments=\count303
\nofMParguments=\count304
\everyMPshowfont=\toks45
\MPscratchCnt=\count305
\MPscratchDim=\dimen275
\MPnumerator=\count306
\makeMPintoPDFobject=\count307
\everyMPtoPDFconversion=\toks46
) (/usr/local/texlive/2022/texmf-dist/tex/latex/epstopdf-pkg/epstopdf-base.sty
Package: epstopdf-base 2020-01-24 v2.11 Base part for package epstopdf
Package epstopdf-base Info: Redefining graphics rule for `.eps' on input line 4
85.

(/usr/local/texlive/2022/texmf-dist/tex/latex/latexconfig/epstopdf-sys.cfg
File: epstopdf-sys.cfg 2010/07/13 v1.3 Configuration of (r)epstopdf for TeX Liv
e
))
LaTeX Font Info:    Trying to load font information for U+msa on input line 18.


(/usr/local/texlive/2022/texmf-dist/tex/latex/amsfonts/umsa.fd
File: umsa.fd 2013/01/14 v3.01 AMS symbols A
)
LaTeX Font Info:    Trying to load font information for U+msb on input line 18.


(/usr/local/texlive/2022/texmf-dist/tex/latex/amsfonts/umsb.fd
File: umsb.fd 2013/01/14 v3.01 AMS symbols B
) [1


{/usr/local/texlive/2022/texmf-var/fonts/map/pdftex/updmap/pdftex.map}] [2

] (gar/ug.toc)
\tf@toc=\write4
\openout4 = `ug.toc'.


(./mp1.tex [3] [4

]
Chapter 1.

Underfull \vbox (badness 10000) has occurred while \output is active []

 [5]
Overfull \vbox (12.63184pt too high) has occurred while \output is active []


[6] [7]
Overfull \hbox (17.62482pt too wide) in paragraph at lines 142--143
[][] 
 []

[8]
Overfull \hbox (3.61761pt too wide) in paragraph at lines 160--160
[]\OT1/cmr/bx/n/14.4 II. Vec-tor Dif-fer-en-ti-a-tion: Di-rec-tional Deriva-tiv
es and Nor-mal Deriva-
 []

[9]
Overfull \hbox (17.62482pt too wide) in paragraph at lines 234--235
[][] 
 []

[10] [11]
Overfull \hbox (17.62482pt too wide) in paragraph at lines 328--329
[][] 
 []

[12]
Overfull \hbox (17.62482pt too wide) in paragraph at lines 445--446
[][] 
 []

[13] [14]) (./mp2.tex [15] [16

]
Chapter 2.

Overfull \hbox (8.62752pt too wide) in paragraph at lines 45--45
[]\OT1/cmr/bx/n/14.4 III. Func-tions of Com-plex Vari-ables, An-a-lyt-ic-ity, a
nd Cauchy-Riemann
 []

[17]
Overfull \hbox (17.62482pt too wide) in paragraph at lines 112--113
[][] 
 []

[18] [19]
Overfull \hbox (17.62482pt too wide) in paragraph at lines 210--211
[][] 
 []

[20]
Overfull \hbox (17.62482pt too wide) in paragraph at lines 275--276
[][] 
 []

[21]) (./mp3.tex [22]
Chapter 3.

Underfull \vbox (badness 10000) has occurred while \output is active []

 [23

]
Overfull \vbox (20.13184pt too high) has occurred while \output is active []


[24] [25] [26]
Overfull \hbox (17.62482pt too wide) in paragraph at lines 183--184
[][] 
 []

[27] [28]
Overfull \hbox (17.62482pt too wide) in paragraph at lines 314--315
[][] 
 []

[29]
Overfull \hbox (17.62482pt too wide) in paragraph at lines 392--393
[][] 
 []

[30]) (./classic.tex [31] [32

]
Chapter 4.

Underfull \vbox (badness 10000) has occurred while \output is active []

 [33]
[34] [35]
Overfull \hbox (17.62482pt too wide) in paragraph at lines 161--162
[][] 
 []

[36] [37]
Overfull \hbox (17.62482pt too wide) in paragraph at lines 294--295
[][] 
 []

[38]) (./mech.tex [39] [40

]
Chapter 5.

Underfull \vbox (badness 10000) has occurred while \output is active []

 [41]
Overfull \vbox (29.79408pt too high) has occurred while \output is active []


[42] [43] [44]
Overfull \hbox (17.62482pt too wide) in paragraph at lines 170--171
[][] 
 []

[45] [46]
Overfull \hbox (17.62482pt too wide) in paragraph at lines 277--278
[][] 
 []

[47]
Overfull \hbox (17.62482pt too wide) in paragraph at lines 358--359
[][] 
 []

[48]
Overfull \hbox (17.62482pt too wide) in paragraph at lines 423--424
[][] 
 []

[49] [50] [51] [52] [53]) (./el-mg.tex [54]
Chapter 6.

Underfull \vbox (badness 2293) has occurred while \output is active []

 [55

]
Overfull \hbox (2.12758pt too wide) in paragraph at lines 75--75
[]\OT1/cmr/bx/n/14.4 II. Elec-tric Field and Po-ten-tial Due to Elec-tric Dipol
e and Quadrupole 
 []

[56] [57]
Overfull \hbox (17.62482pt too wide) in paragraph at lines 175--176
[][] 
 []

[58] [59]
Overfull \hbox (17.62482pt too wide) in paragraph at lines 274--275
[][] 
 []

[60]
Overfull \hbox (17.62482pt too wide) in paragraph at lines 381--382
[][] 
 []

[61] [62]
Overfull \hbox (17.62482pt too wide) in paragraph at lines 516--517
[][] 
 []

[63]) (./opt.tex [64]
Chapter 7.

Underfull \vbox (badness 10000) has occurred while \output is active []

 [65

]
Underfull \vbox (badness 10000) has occurred while \output is active []

 [66]
[67]
Overfull \hbox (17.62482pt too wide) in paragraph at lines 162--163
[][] 
 []

[68]
Overfull \hbox (0.8856pt too wide) in paragraph at lines 228--229
[]\OT1/cmr/m/n/12 Discuss prac-ti-cal ap-pli-ca-tions of in-ter-fer-ence phe-no
m-ena in op-tics, such as in anti-reflective
 []


Overfull \hbox (17.62482pt too wide) in paragraph at lines 232--233
[][] 
 []

[69] [70]
Overfull \hbox (17.62482pt too wide) in paragraph at lines 343--344
[][] 
 []

[71]
Overfull \hbox (17.62482pt too wide) in paragraph at lines 420--421
[][] 
 []

[72] [73]
Overfull \hbox (17.62482pt too wide) in paragraph at lines 542--543
[][] 
 []

[74] [75]
Overfull \hbox (17.62482pt too wide) in paragraph at lines 643--644
[][] 
 []

[76]
Overfull \hbox (9.07465pt too wide) in paragraph at lines 684--685
[]\OT1/cmr/m/n/12 Explain the con-cept of re-tar-da-tion plates, in-clud-ing $[
]$ (half-wavelength) and$[]$ (quarter-
 []

[77]) (./emt.tex [78]
Chapter 8.

Underfull \vbox (badness 10000) has occurred while \output is active []

 [79

]
Overfull \vbox (10.13184pt too high) has occurred while \output is active []


[80] [81] [82]
Overfull \hbox (17.62482pt too wide) in paragraph at lines 173--174
[][] 
 []


Overfull \hbox (7.74936pt too wide) in paragraph at lines 191--191
[]\OT1/cmr/bx/n/14.4 II. Plane Elec-tro-mag-netic Waves Through Isotropic Di-el
ec-tric Medium 
 []

[83]
Overfull \hbox (10.54657pt too wide) in paragraph at lines 219--220
[]\OT1/cmr/m/n/12 Explore the chal-lenges and char-ac-ter-is-tics of elec-tro-m
ag-netic wave prop-a-ga-tion through
 []


Overfull \hbox (17.62482pt too wide) in paragraph at lines 242--243
[][] 
 []

[84]
Overfull \hbox (17.62482pt too wide) in paragraph at lines 295--296
[][] 
 []

[85]
Overfull \hbox (5.52023pt too wide) in paragraph at lines 350--351
[]\OT1/cmr/m/n/12 Define or-di-nary and ex-traor-di-nary re-frac-tive in-dices 
in the con-text of double-refracting
 []

[86]
Overfull \hbox (17.62482pt too wide) in paragraph at lines 427--428
[][] 
 []

[87]) (./thermal.tex [88]
Chapter 9.

Underfull \vbox (badness 10000) has occurred while \output is active []

 [89

]
[90] [91]
Overfull \hbox (17.62482pt too wide) in paragraph at lines 155--156
[][] 
 []

[92]
Overfull \hbox (17.62482pt too wide) in paragraph at lines 231--232
[][] 
 []

[93]
Overfull \hbox (3.0393pt too wide) in paragraph at lines 287--287
[]\OT1/cmr/bx/n/14.4 IV. Vander-Waal's Equa-tion of State and Law of Cor-re-spo
nd-ing States 
 []

[94]
Overfull \hbox (17.62482pt too wide) in paragraph at lines 344--345
[][] 
 []

[95]) (./thermD.tex [96]
Chapter 10.

Underfull \vbox (badness 10000) has occurred while \output is active []

 [97

]
Overfull \vbox (63.63184pt too high) has occurred while \output is active []


[98]
Underfull \vbox (badness 10000) has occurred while \output is active []

 [99]
[100]
Overfull \hbox (17.62482pt too wide) in paragraph at lines 181--182
[][] 
 []

[101] [102]
Overfull \hbox (17.62482pt too wide) in paragraph at lines 310--311
[][] 
 []

[103] [104]
Overfull \hbox (17.62482pt too wide) in paragraph at lines 411--412
[][] 
 []

[105]
Overfull \hbox (17.62482pt too wide) in paragraph at lines 507--508
[][] 
 []

[106] [107]
Overfull \hbox (17.62482pt too wide) in paragraph at lines 607--608
[][] 
 []

) (./stat.tex [108]
Chapter 11.

Underfull \vbox (badness 10000) has occurred while \output is active []

 [109

]
Overfull \vbox (14.79408pt too high) has occurred while \output is active []


[110] [111]
Overfull \hbox (17.62482pt too wide) in paragraph at lines 154--155
[][] 
 []

[112] [113]
Overfull \hbox (17.62482pt too wide) in paragraph at lines 228--229
[][] 
 []

[114]
Overfull \hbox (17.62482pt too wide) in paragraph at lines 309--310
[][] 
 []

[115] [116]) (./quant.tex [117] [118

]
Chapter 12.

Underfull \vbox (badness 10000) has occurred while \output is active []

 [119]
Overfull \vbox (0.13184pt too high) has occurred while \output is active []


[120] [121] [122]
Overfull \hbox (17.62482pt too wide) in paragraph at lines 177--178
[][] 
 []

[123] [124]
Overfull \hbox (17.62482pt too wide) in paragraph at lines 272--273
[][] 
 []

[125]
Overfull \hbox (8.03136pt too wide) in paragraph at lines 329--330
[]\OT1/cmr/m/n/12 Use vi-sual aids, such as di-a-grams or an-i-ma-tions, to il-
lus-trate the so-lu-tions of the Schr^^?odinger
 []


Overfull \hbox (17.62482pt too wide) in paragraph at lines 335--336
[][] 
 []

[126] [127]
Overfull \hbox (17.62482pt too wide) in paragraph at lines 433--434
[][] 
 []

) (./atom.tex [128]
Chapter 13.

Underfull \vbox (badness 10000) has occurred while \output is active []

 [129

]
Overfull \vbox (20.63184pt too high) has occurred while \output is active []


[130]
Underfull \vbox (badness 10000) has occurred while \output is active []

 [131]
[132] [133]
Overfull \hbox (17.62482pt too wide) in paragraph at lines 191--192
[][] 
 []

[134]
Overfull \hbox (17.62482pt too wide) in paragraph at lines 280--281
[][] 
 []

[135] [136]
Overfull \hbox (17.62482pt too wide) in paragraph at lines 388--389
[][] 
 []

[137]
Overfull \hbox (17.62482pt too wide) in paragraph at lines 475--476
[][] 
 []

[138]
Overfull \hbox (17.62482pt too wide) in paragraph at lines 553--554
[][] 
 []

[139] [140]) (./solid.tex [141] [142

]
Chapter 14.

Underfull \vbox (badness 10000) has occurred while \output is active []

 [143]
Overfull \vbox (137.63184pt too high) has occurred while \output is active []


[144] [145] [146]
Overfull \hbox (17.62482pt too wide) in paragraph at lines 223--224
[][] 
 []

[147] [148]
Overfull \hbox (17.62482pt too wide) in paragraph at lines 334--335
[][] 
 []

[149] [150]
Overfull \hbox (17.62482pt too wide) in paragraph at lines 445--446
[][] 
 []

[151] [152]
Overfull \hbox (17.62482pt too wide) in paragraph at lines 561--562
[][] 
 []

[153] [154]) (./nuc-par.tex [155] [156

]
Chapter 15.

Underfull \vbox (badness 10000) has occurred while \output is active []

 [157]
[158] [159]
Overfull \hbox (17.62482pt too wide) in paragraph at lines 179--180
[][] 
 []

[160] [161]
Overfull \hbox (17.62482pt too wide) in paragraph at lines 276--277
[][] 
 []

[162]
Overfull \hbox (17.62482pt too wide) in paragraph at lines 361--362
[][] 
 []

[163] [164]
Overfull \hbox (17.62482pt too wide) in paragraph at lines 469--470
[][] 
 []

[165]
Overfull \hbox (17.62482pt too wide) in paragraph at lines 539--540
[][] 
 []


Overfull \hbox (4.93274pt too wide) in paragraph at lines 553--554
[]\OT1/cmr/m/n/12 Discuss the var-i-ous ap-pli-ca-tions of par-ti-cle ac-cel-er
-a-tors in sci-en-tific re-search, medicine,
 []

[166]
Overfull \hbox (17.62482pt too wide) in paragraph at lines 618--619
[][] 
 []

[167] [168])
No file ug.bbl.
[169] (gar/ug.aux) ) 
Here is how much of TeX's memory you used:
 14147 strings out of 478268
 279248 string characters out of 5846347
 557367 words of memory out of 5000000
 32064 multiletter control sequences out of 15000+600000
 481585 words of font info for 73 fonts, out of 8000000 for 9000
 1141 hyphenation exceptions out of 8191
 83i,6n,80p,451b,525s stack positions out of 10000i,1000n,20000p,200000b,200000s
{/usr/local/texlive/2022/texmf-dist/fonts/enc/dvips/cm-supe
r/cm-super-ts1.enc}</usr/local/texlive/2022/texmf-dist/fonts/type1/public/amsfo
nts/cm/cmbx12.pfb></usr/local/texlive/2022/texmf-dist/fonts/type1/public/amsfon
ts/cm/cmex10.pfb></usr/local/texlive/2022/texmf-dist/fonts/type1/public/amsfont
s/cm/cmmi12.pfb></usr/local/texlive/2022/texmf-dist/fonts/type1/public/amsfonts
/cm/cmmi8.pfb></usr/local/texlive/2022/texmf-dist/fonts/type1/public/amsfonts/c
m/cmr12.pfb></usr/local/texlive/2022/texmf-dist/fonts/type1/public/amsfonts/cm/
cmr17.pfb></usr/local/texlive/2022/texmf-dist/fonts/type1/public/amsfonts/cm/cm
r8.pfb></usr/local/texlive/2022/texmf-dist/fonts/type1/public/amsfonts/cm/cmsl1
2.pfb></usr/local/texlive/2022/texmf-dist/fonts/type1/public/amsfonts/cm/cmsy10
.pfb></usr/local/texlive/2022/texmf-dist/fonts/type1/public/amsfonts/cm/cmti12.
pfb></usr/local/texlive/2022/texmf-dist/fonts/type1/public/cm-super/sfbx1200.pf
b></usr/local/texlive/2022/texmf-dist/fonts/type1/public/cm-super/sfbx1440.pfb>
</usr/local/texlive/2022/texmf-dist/fonts/type1/public/cm-super/sfrm1200.pfb>
Output written on gar/ug.pdf (169 pages, 404260 bytes).
PDF statistics:
 619 PDF objects out of 1000 (max. 8388607)
 417 compressed objects within 5 object streams
 0 named destinations out of 1000 (max. 500000)
 13 words of extra memory for PDF output out of 10000 (max. 10000000)

